# JRE version: OpenJDK Runtime Environment (17.0.6) (build 17.0.6+0-b2043.56-10027231)
# Java VM: OpenJDK 64-Bit Server VM (17.0.6+0-b2043.56-10027231, mixed mode, tiered, compressed oops, compressed class ptrs, g1 gc, windows-amd64)
GC Precious Log:
 CPUs: 12 total, 12 available
 Memory: 16068M
 Large Page Support: Disabled
 NUMA Support: Disabled
 Compressed Oops: Enabled (32-bit)
 Heap Region Size: 1M
 Heap Min Capacity: 8M
 Heap Initial Capacity: 252M
 Heap Max Capacity: 2G
 Pre-touch: Disabled
 Parallel Workers: 10
 Concurrent Workers: 3
 Concurrent Refinement Workers: 10
 Periodic GC: Disabled
Heap:
 garbage-first heap   total 219136K, used 69160K [0x0000000080000000, 0x0000000100000000)
  region size 1024K, 9 young (9216K), 6 survivors (6144K)
 Metaspace       used 52404K, committed 52800K, reserved 1097728K
  class space    used 6950K, committed 7168K, reserved 1048576K
GC Heap History (20 events):
Event: 18.198 GC heap before
{Heap before GC invocations=15 (full 0):
 garbage-first heap   total 115712K, used 87595K [0x0000000080000000, 0x0000000100000000)
  region size 1024K, 36 young (36864K), 1 survivors (1024K)
 Metaspace       used 43865K, committed 44224K, reserved 1089536K
  class space    used 5956K, committed 6144K, reserved 1048576K
}
Event: 18.203 GC heap after
{Heap after GC invocations=16 (full 0):
 garbage-first heap   total 115712K, used 54652K [0x0000000080000000, 0x0000000100000000)
  region size 1024K, 4 young (4096K), 4 survivors (4096K)
 Metaspace       used 43865K, committed 44224K, reserved 1089536K
  class space    used 5956K, committed 6144K, reserved 1048576K
}
Event: 20.110 GC heap before
{Heap before GC invocations=17 (full 0):
 garbage-first heap   total 115712K, used 91516K [0x0000000080000000, 0x0000000100000000)
  region size 1024K, 38 young (38912K), 4 survivors (4096K)
 Metaspace       used 49299K, committed 49728K, reserved 1097728K
  class space    used 6529K, committed 6720K, reserved 1048576K
}
Event: 20.124 GC heap after
{Heap after GC invocations=18 (full 0):
 garbage-first heap   total 115712K, used 58584K [0x0000000080000000, 0x0000000100000000)
  region size 1024K, 4 young (4096K), 4 survivors (4096K)
 Metaspace       used 49299K, committed 49728K, reserved 1097728K
  class space    used 6529K, committed 6720K, reserved 1048576K
}
Event: 20.149 GC heap before
{Heap before GC invocations=18 (full 0):
 garbage-first heap   total 115712K, used 59608K [0x0000000080000000, 0x0000000100000000)
  region size 1024K, 5 young (5120K), 4 survivors (4096K)
 Metaspace       used 49308K, committed 49728K, reserved 1097728K
  class space    used 6531K, committed 6720K, reserved 1048576K
}
Event: 20.155 GC heap after
{Heap after GC invocations=19 (full 0):
 garbage-first heap   total 115712K, used 59006K [0x0000000080000000, 0x0000000100000000)
  region size 1024K, 1 young (1024K), 1 survivors (1024K)
 Metaspace       used 49308K, committed 49728K, reserved 1097728K
  class space    used 6531K, committed 6720K, reserved 1048576K
}
Event: 21.873 GC heap before
{Heap before GC invocations=19 (full 0):
 garbage-first heap   total 115712K, used 83582K [0x0000000080000000, 0x0000000100000000)
  region size 1024K, 26 young (26624K), 1 survivors (1024K)
 Metaspace       used 51954K, committed 52416K, reserved 1097728K
  class space    used 6934K, committed 7168K, reserved 1048576K
}
Event: 21.880 GC heap after
{Heap after GC invocations=20 (full 0):
 garbage-first heap   total 234496K, used 60014K [0x0000000080000000, 0x0000000100000000)
  region size 1024K, 2 young (2048K), 2 survivors (2048K)
 Metaspace       used 51954K, committed 52416K, reserved 1097728K
  class space    used 6934K, committed 7168K, reserved 1048576K
}
Event: 21.986 GC heap before
{Heap before GC invocations=20 (full 0):
 garbage-first heap   total 234496K, used 68206K [0x0000000080000000, 0x0000000100000000)
  region size 1024K, 8 young (8192K), 2 survivors (2048K)
 Metaspace       used 52110K, committed 52608K, reserved 1097728K
  class space    used 6949K, committed 7168K, reserved 1048576K
}
Event: 21.991 GC heap after
{Heap after GC invocations=21 (full 0):
 garbage-first heap   total 234496K, used 60111K [0x0000000080000000, 0x0000000100000000)
  region size 1024K, 2 young (2048K), 2 survivors (2048K)
 Metaspace       used 52110K, committed 52608K, reserved 1097728K
  class space    used 6949K, committed 7168K, reserved 1048576K
}
Event: 23.282 GC heap before
{Heap before GC invocations=22 (full 0):
 garbage-first heap   total 219136K, used 123599K [0x0000000080000000, 0x0000000100000000)
  region size 1024K, 63 young (64512K), 2 survivors (2048K)
 Metaspace       used 52363K, committed 52800K, reserved 1097728K
  class space    used 6949K, committed 7168K, reserved 1048576K
}
Event: 23.288 GC heap after
{Heap after GC invocations=23 (full 0):
 garbage-first heap   total 219136K, used 63638K [0x0000000080000000, 0x0000000100000000)
  region size 1024K, 3 young (3072K), 3 survivors (3072K)
 Metaspace       used 52363K, committed 52800K, reserved 1097728K
  class space    used 6949K, committed 7168K, reserved 1048576K
}
Event: 23.486 GC heap before
{Heap before GC invocations=24 (full 0):
 garbage-first heap   total 219136K, used 72854K [0x0000000080000000, 0x0000000100000000)
  region size 1024K, 12 young (12288K), 3 survivors (3072K)
 Metaspace       used 52363K, committed 52800K, reserved 1097728K
  class space    used 6949K, committed 7168K, reserved 1048576K
}
Event: 23.499 GC heap after
{Heap after GC invocations=25 (full 0):
 garbage-first heap   total 219136K, used 66841K [0x0000000080000000, 0x0000000100000000)
  region size 1024K, 6 young (6144K), 6 survivors (6144K)
 Metaspace       used 52363K, committed 52800K, reserved 1097728K
  class space    used 6949K, committed 7168K, reserved 1048576K
}
Event: 24.987 GC heap before
{Heap before GC invocations=26 (full 0):
 garbage-first heap   total 219136K, used 148761K [0x0000000080000000, 0x0000000100000000)
  region size 1024K, 86 young (88064K), 6 survivors (6144K)
 Metaspace       used 52382K, committed 52800K, reserved 1097728K
  class space    used 6949K, committed 7168K, reserved 1048576K
}
Event: 24.992 GC heap after
{Heap after GC invocations=27 (full 0):
 garbage-first heap   total 219136K, used 64529K [0x0000000080000000, 0x0000000100000000)
  region size 1024K, 3 young (3072K), 3 survivors (3072K)
 Metaspace       used 52382K, committed 52800K, reserved 1097728K
  class space    used 6949K, committed 7168K, reserved 1048576K
}
Event: 27.119 GC heap before
{Heap before GC invocations=27 (full 0):
 garbage-first heap   total 219136K, used 175121K [0x0000000080000000, 0x0000000100000000)
  region size 1024K, 111 young (113664K), 3 survivors (3072K)
 Metaspace       used 52393K, committed 52800K, reserved 1097728K
  class space    used 6950K, committed 7168K, reserved 1048576K
}
Event: 27.125 GC heap after
{Heap after GC invocations=28 (full 0):
 garbage-first heap   total 219136K, used 65222K [0x0000000080000000, 0x0000000100000000)
  region size 1024K, 4 young (4096K), 4 survivors (4096K)
 Metaspace       used 52393K, committed 52800K, reserved 1097728K
  class space    used 6950K, committed 7168K, reserved 1048576K
}
Event: 29.732 GC heap before
{Heap before GC invocations=29 (full 0):
 garbage-first heap   total 219136K, used 177862K [0x0000000080000000, 0x0000000100000000)
  region size 1024K, 114 young (116736K), 4 survivors (4096K)
 Metaspace       used 52397K, committed 52800K, reserved 1097728K
  class space    used 6950K, committed 7168K, reserved 1048576K
}
Event: 29.739 GC heap after
{Heap after GC invocations=30 (full 0):
 garbage-first heap   total 219136K, used 66238K [0x0000000080000000, 0x0000000100000000)
  region size 1024K, 5 young (5120K), 5 survivors (5120K)
 Metaspace       used 52397K, committed 52800K, reserved 1097728K
  class space    used 6950K, committed 7168K, reserved 1048576K
}

